{"/Users/soufianeserroukh/Desktop/examDev/devops-exam-2024/src/services/validations.js": {"path":"/Users/soufianeserroukh/Desktop/examDev/devops-exam-2024/src/services/validations.js","statementMap":{"0":{"start":{"line":2,"column":16},"end":{"line":2,"column":42}},"1":{"start":{"line":2,"column":22},"end":{"line":2,"column":42}},"2":{"start":{"line":4,"column":0},"end":{"line":4,"column":26}}},"fnMap":{"0":{"name":"(anonymous_0)","decl":{"start":{"line":2,"column":16},"end":{"line":2,"column":17}},"loc":{"start":{"line":2,"column":22},"end":{"line":2,"column":42}},"line":2}},"branchMap":{},"s":{"0":1,"1":1,"2":1},"f":{"0":1},"b":{},"_coverageSchema":"1a1c01bbd47fc00a2c39e90264f33305004495a9","hash":"b2dac4d973a6d499957695dc75c411d56ba5ab8d"}
}
